<?xml version="1.0" encoding="UTF-8"?>
<!-- Generated by org.testng.reporters.JUnitXMLReporter -->
<testsuite ignored="0" hostname="shakthi" failures="2" tests="2" name="method-execution" time="0.041" errors="0" timestamp="2023-04-26T07:40:16 IST">
  <testcase classname="testPract.ParallelCode" name="openGoogle" time="0.007">
    <failure type="java.lang.Error" message="Unresolved compilation problem: 
	WebDriver cannot be resolved to a type
">
      <![CDATA[java.lang.Error: Unresolved compilation problem: 
WebDriver cannot be resolved to a type

at testPract.ParallelCode.openGoogle(ParallelCode.java:11)
at java.base/java.util.concurrent.ThreadPoolExecutor.runWorker(ThreadPoolExecutor.java:1136)
at java.base/java.util.concurrent.ThreadPoolExecutor$Worker.run(ThreadPoolExecutor.java:635)
at java.base/java.lang.Thread.run(Thread.java:833)
... Removed 12 stack frames]]>
    </failure>
  </testcase> <!-- openGoogle -->
  <testcase classname="testPract.ParallelCode" name="openBing" time="0.007">
    <failure type="java.lang.Error" message="Unresolved compilation problem: 
	WebDriver cannot be resolved to a type
">
      <![CDATA[java.lang.Error: Unresolved compilation problem: 
WebDriver cannot be resolved to a type

at testPract.ParallelCode.openBing(ParallelCode.java:18)
at java.base/java.util.concurrent.ThreadPoolExecutor.runWorker(ThreadPoolExecutor.java:1136)
at java.base/java.util.concurrent.ThreadPoolExecutor$Worker.run(ThreadPoolExecutor.java:635)
at java.base/java.lang.Thread.run(Thread.java:833)
... Removed 12 stack frames]]>
    </failure>
  </testcase> <!-- openBing -->
</testsuite> <!-- method-execution -->
