<?xml version="1.0" encoding="UTF-8"?>
<!-- Generated by org.testng.reporters.JUnitXMLReporter -->
<testsuite ignored="0" hostname="shakthi" failures="0" tests="4" name="login testcase" time="59.992" errors="0" timestamp="2023-04-27T15:03:47 IST">
  <testcase classname="dataDrivenProject.InValidUser" name="validUser" time="12.92"/>
  <testcase classname="dataDrivenProject.InValidPassword" name="invalidPassword" time="20.319"/>
  <testcase classname="dataDrivenProject.InValidNamePassword" name="invalidNamePassword" time="14.638"/>
  <testcase classname="dataDrivenProject.ValidNamePassword" name="validNamePassword" time="12.062"/>
</testsuite> <!-- login testcase -->
