<?xml version="1.0" encoding="UTF-8"?>
<testng-results ignored="0" total="3" passed="3" failed="0" skipped="0">
  <reporter-output>
  </reporter-output>
  <suite started-at="2023-05-04T02:00:47 IST" name="drag-element" finished-at="2023-05-04T02:01:00 IST" duration-ms="12840">
    <groups>
    </groups>
    <test started-at="2023-05-04T02:00:47 IST" name="place-capital" finished-at="2023-05-04T02:01:00 IST" duration-ms="12840">
      <class name="codeChallange.DragDropChallange">
        <test-method is-config="true" signature="browserSetup(java.lang.String,java.lang.String)[pri:0, instance:codeChallange.DragDropChallange@7db12bb6]" started-at="2023-05-04T01:59:52 IST" name="browserSetup" finished-at="2023-05-04T02:00:47 IST" duration-ms="55822" status="PASS">
          <params>
            <param index="0">
              <value>
                <![CDATA[webdriver.chrome.driver]]>
              </value>
            </param>
            <param index="1">
              <value>
                <![CDATA[C:\\Users\\krajk\\OneDrive\\Desktop\\chromedriver.exe]]>
              </value>
            </param>
          </params>
          <reporter-output>
          </reporter-output>
        </test-method> <!-- browserSetup -->
        <test-method signature="allMatchCase()[pri:0, instance:codeChallange.DragDropChallange@7db12bb6]" started-at="2023-05-04T02:00:47 IST" name="allMatchCase" finished-at="2023-05-04T02:00:49 IST" duration-ms="2028" status="PASS">
          <reporter-output>
          </reporter-output>
        </test-method> <!-- allMatchCase -->
        <test-method is-config="true" signature="putCapitalback()[pri:0, instance:codeChallange.DragDropChallange@7db12bb6]" started-at="2023-05-04T02:00:49 IST" name="putCapitalback" finished-at="2023-05-04T02:00:52 IST" duration-ms="2267" status="PASS">
          <reporter-output>
          </reporter-output>
        </test-method> <!-- putCapitalback -->
        <test-method signature="noneMatchCase()[pri:1, instance:codeChallange.DragDropChallange@7db12bb6]" started-at="2023-05-04T02:00:52 IST" name="noneMatchCase" finished-at="2023-05-04T02:00:54 IST" duration-ms="2124" status="PASS">
          <reporter-output>
          </reporter-output>
        </test-method> <!-- noneMatchCase -->
        <test-method is-config="true" signature="putCapitalback()[pri:0, instance:codeChallange.DragDropChallange@7db12bb6]" started-at="2023-05-04T02:00:54 IST" name="putCapitalback" finished-at="2023-05-04T02:00:56 IST" duration-ms="2216" status="PASS">
          <reporter-output>
          </reporter-output>
        </test-method> <!-- putCapitalback -->
        <test-method signature="partialMatchCase()[pri:2, instance:codeChallange.DragDropChallange@7db12bb6]" started-at="2023-05-04T02:00:56 IST" name="partialMatchCase" finished-at="2023-05-04T02:00:58 IST" duration-ms="1987" status="PASS">
          <reporter-output>
          </reporter-output>
        </test-method> <!-- partialMatchCase -->
        <test-method is-config="true" signature="putCapitalback()[pri:0, instance:codeChallange.DragDropChallange@7db12bb6]" started-at="2023-05-04T02:00:58 IST" name="putCapitalback" finished-at="2023-05-04T02:01:00 IST" duration-ms="2179" status="PASS">
          <reporter-output>
          </reporter-output>
        </test-method> <!-- putCapitalback -->
        <test-method is-config="true" signature="closeBrowser()[pri:0, instance:codeChallange.DragDropChallange@7db12bb6]" started-at="2023-05-04T02:01:00 IST" name="closeBrowser" finished-at="2023-05-04T02:01:00 IST" duration-ms="126" status="PASS">
          <reporter-output>
          </reporter-output>
        </test-method> <!-- closeBrowser -->
      </class> <!-- codeChallange.DragDropChallange -->
    </test> <!-- place-capital -->
  </suite> <!-- drag-element -->
</testng-results>
