<?xml version="1.0" encoding="UTF-8"?>
<!-- Generated by org.testng.reporters.JUnitXMLReporter -->
<testsuite ignored="0" hostname="shakthi" failures="0" tests="3" name="place-capital" time="12.84" errors="0" timestamp="2023-05-04T02:01:00 IST">
  <testcase classname="codeChallange.DragDropChallange" name="allMatchCase" time="2.028"/>
  <testcase classname="codeChallange.DragDropChallange" name="noneMatchCase" time="2.124"/>
  <testcase classname="codeChallange.DragDropChallange" name="partialMatchCase" time="1.987"/>
</testsuite> <!-- place-capital -->
