<?xml version="1.0" encoding="UTF-8"?>
<!-- Generated by org.testng.reporters.JUnitXMLReporter -->
<testsuite ignored="0" hostname="shakthi" failures="0" tests="3" name="Default test" time="12.716" errors="0" timestamp="2023-05-04T00:41:00 IST">
  <testcase classname="codeChallange.DragDropChallange" name="allMatchCase" time="2.127"/>
  <testcase classname="codeChallange.DragDropChallange" name="noneMatchCase" time="2.058"/>
  <testcase classname="codeChallange.DragDropChallange" name="partialMatchCase" time="1.964"/>
</testsuite> <!-- Default test -->
