<?xml version="1.0" encoding="UTF-8"?>
<!-- Generated by org.testng.reporters.JUnitXMLReporter -->
<testsuite ignored="4" hostname="shakthi" failures="0" tests="4" name="colltestcase" time="0.041" errors="0" timestamp="2023-04-25T15:11:31 IST">
  <testcase classname="testPract.Groupttestcase" name="Lenovo1" time="0.006"/>
  <testcase classname="testPract.Groupttestcase" name="Lenovo2" time="0.0"/>
  <testcase classname="testPract.Groupttestcase" name="vivo1" time="0.0"/>
  <testcase classname="testPract.Groupttestcase" name="vivo2" time="0.001"/>
  <testcase classname="testPract.Groupttestcase" name="moto2" time="0.0">
    <ignored/>
  </testcase> <!-- moto2 -->
  <testcase classname="testPract.Groupttestcase" name="moto1" time="0.0">
    <ignored/>
  </testcase> <!-- moto1 -->
  <testcase classname="testPract.Groupttestcase" name="apple2" time="0.0">
    <ignored/>
  </testcase> <!-- apple2 -->
  <testcase classname="testPract.Groupttestcase" name="apple1" time="0.0">
    <ignored/>
  </testcase> <!-- apple1 -->
</testsuite> <!-- colltestcase -->
